2019-11-14 14:45:28,862 | INFO  | Refreshing org.apache.activemq.xbean.XBeanBrokerFactory$1@6e06451e: startup date [Thu Nov 14 14:45:28 UTC 2019]; root of context hierarchy | org.apache.activemq.xbean.XBeanBrokerFactory$1 | main
2019-11-14 14:45:30,238 | INFO  | Using Persistence Adapter: KahaDBPersistenceAdapter[/opt/activemq/data/kahadb] | org.apache.activemq.broker.BrokerService | main
2019-11-14 14:45:30,542 | INFO  | PListStore:[/opt/activemq/data/localhost/tmp_storage] started | org.apache.activemq.store.kahadb.plist.PListStoreImpl | main
2019-11-14 14:45:30,800 | INFO  | Apache ActiveMQ 5.15.6 (localhost, ID:c9f662ddc10a-39023-1573742730564-0:1) is starting | org.apache.activemq.broker.BrokerService | main
2019-11-14 14:45:30,832 | INFO  | Listening for connections at: tcp://c9f662ddc10a:61616?maximumConnections=1000&wireFormat.maxFrameSize=104857600 | org.apache.activemq.transport.TransportServerThreadSupport | main
2019-11-14 14:45:30,836 | INFO  | Connector openwire started | org.apache.activemq.broker.TransportConnector | main
2019-11-14 14:45:30,844 | INFO  | Listening for connections at: amqp://c9f662ddc10a:5672?maximumConnections=1000&wireFormat.maxFrameSize=104857600 | org.apache.activemq.transport.TransportServerThreadSupport | main
2019-11-14 14:45:30,848 | INFO  | Connector amqp started | org.apache.activemq.broker.TransportConnector | main
2019-11-14 14:45:30,856 | INFO  | Listening for connections at: stomp://c9f662ddc10a:61613?maximumConnections=1000&wireFormat.maxFrameSize=104857600 | org.apache.activemq.transport.TransportServerThreadSupport | main
2019-11-14 14:45:30,860 | INFO  | Connector stomp started | org.apache.activemq.broker.TransportConnector | main
2019-11-14 14:45:30,867 | INFO  | Listening for connections at: mqtt://c9f662ddc10a:1883?maximumConnections=1000&wireFormat.maxFrameSize=104857600 | org.apache.activemq.transport.TransportServerThreadSupport | main
2019-11-14 14:45:30,870 | INFO  | Connector mqtt started | org.apache.activemq.broker.TransportConnector | main
2019-11-14 14:45:31,072 | WARN  | ServletContext@o.e.j.s.ServletContextHandler@63611043{/,null,STARTING} has uncovered http methods for path: / | org.eclipse.jetty.security.SecurityHandler | main
2019-11-14 14:45:31,134 | INFO  | Listening for connections at ws://c9f662ddc10a:61614?maximumConnections=1000&wireFormat.maxFrameSize=104857600 | org.apache.activemq.transport.ws.WSTransportServer | main
2019-11-14 14:45:31,135 | INFO  | Connector ws started | org.apache.activemq.broker.TransportConnector | main
2019-11-14 14:45:31,141 | INFO  | Apache ActiveMQ 5.15.6 (localhost, ID:c9f662ddc10a-39023-1573742730564-0:1) started | org.apache.activemq.broker.BrokerService | main
2019-11-14 14:45:31,145 | INFO  | For help or more information please see: http://activemq.apache.org | org.apache.activemq.broker.BrokerService | main
2019-11-14 14:45:32,144 | INFO  | No Spring WebApplicationInitializer types detected on classpath | /admin | main
2019-11-14 14:45:32,536 | INFO  | ActiveMQ WebConsole available at http://0.0.0.0:8161/ | org.apache.activemq.web.WebConsoleStarter | main
2019-11-14 14:45:32,537 | INFO  | ActiveMQ Jolokia REST API available at http://0.0.0.0:8161/api/jolokia/ | org.apache.activemq.web.WebConsoleStarter | main
2019-11-14 14:45:32,607 | INFO  | Initializing Spring FrameworkServlet 'dispatcher' | /admin | main
2019-11-14 14:45:32,848 | INFO  | No Spring WebApplicationInitializer types detected on classpath | /api | main
2019-11-14 14:45:32,998 | INFO  | jolokia-agent: Using policy access restrictor classpath:/jolokia-access.xml | /api | main
2019-11-14 14:51:08,494 | INFO  | Refreshing org.apache.activemq.xbean.XBeanBrokerFactory$1@6e06451e: startup date [Thu Nov 14 14:51:08 UTC 2019]; root of context hierarchy | org.apache.activemq.xbean.XBeanBrokerFactory$1 | main
2019-11-14 14:51:09,901 | INFO  | Using Persistence Adapter: KahaDBPersistenceAdapter[/opt/activemq/data/kahadb] | org.apache.activemq.broker.BrokerService | main
2019-11-14 14:51:10,082 | INFO  | KahaDB is version 6 | org.apache.activemq.store.kahadb.MessageDatabase | main
2019-11-14 14:51:10,123 | INFO  | PListStore:[/opt/activemq/data/localhost/tmp_storage] started | org.apache.activemq.store.kahadb.plist.PListStoreImpl | main
2019-11-14 14:51:10,374 | INFO  | Apache ActiveMQ 5.15.6 (localhost, ID:64b6281339b4-36131-1573743070142-0:1) is starting | org.apache.activemq.broker.BrokerService | main
2019-11-14 14:51:10,402 | INFO  | Listening for connections at: tcp://64b6281339b4:61616?maximumConnections=1000&wireFormat.maxFrameSize=104857600 | org.apache.activemq.transport.TransportServerThreadSupport | main
2019-11-14 14:51:10,404 | INFO  | Connector openwire started | org.apache.activemq.broker.TransportConnector | main
2019-11-14 14:51:10,411 | INFO  | Listening for connections at: amqp://64b6281339b4:5672?maximumConnections=1000&wireFormat.maxFrameSize=104857600 | org.apache.activemq.transport.TransportServerThreadSupport | main
2019-11-14 14:51:10,414 | INFO  | Connector amqp started | org.apache.activemq.broker.TransportConnector | main
2019-11-14 14:51:10,420 | INFO  | Listening for connections at: stomp://64b6281339b4:61613?maximumConnections=1000&wireFormat.maxFrameSize=104857600 | org.apache.activemq.transport.TransportServerThreadSupport | main
2019-11-14 14:51:10,423 | INFO  | Connector stomp started | org.apache.activemq.broker.TransportConnector | main
2019-11-14 14:51:10,428 | INFO  | Listening for connections at: mqtt://64b6281339b4:1883?maximumConnections=1000&wireFormat.maxFrameSize=104857600 | org.apache.activemq.transport.TransportServerThreadSupport | main
2019-11-14 14:51:10,431 | INFO  | Connector mqtt started | org.apache.activemq.broker.TransportConnector | main
2019-11-14 14:51:10,610 | WARN  | ServletContext@o.e.j.s.ServletContextHandler@73d983ea{/,null,STARTING} has uncovered http methods for path: / | org.eclipse.jetty.security.SecurityHandler | main
2019-11-14 14:51:10,672 | INFO  | Listening for connections at ws://64b6281339b4:61614?maximumConnections=1000&wireFormat.maxFrameSize=104857600 | org.apache.activemq.transport.ws.WSTransportServer | main
2019-11-14 14:51:10,673 | INFO  | Connector ws started | org.apache.activemq.broker.TransportConnector | main
2019-11-14 14:51:10,675 | INFO  | Apache ActiveMQ 5.15.6 (localhost, ID:64b6281339b4-36131-1573743070142-0:1) started | org.apache.activemq.broker.BrokerService | main
2019-11-14 14:51:10,679 | INFO  | For help or more information please see: http://activemq.apache.org | org.apache.activemq.broker.BrokerService | main
2019-11-14 14:51:11,413 | INFO  | No Spring WebApplicationInitializer types detected on classpath | /admin | main
2019-11-14 14:51:11,914 | INFO  | ActiveMQ WebConsole available at http://0.0.0.0:8161/ | org.apache.activemq.web.WebConsoleStarter | main
2019-11-14 14:51:11,914 | INFO  | ActiveMQ Jolokia REST API available at http://0.0.0.0:8161/api/jolokia/ | org.apache.activemq.web.WebConsoleStarter | main
2019-11-14 14:51:11,974 | INFO  | Initializing Spring FrameworkServlet 'dispatcher' | /admin | main
2019-11-14 14:51:12,275 | INFO  | No Spring WebApplicationInitializer types detected on classpath | /api | main
2019-11-14 14:51:12,345 | INFO  | jolokia-agent: Using policy access restrictor classpath:/jolokia-access.xml | /api | main
